<?xml version="1.0" encoding="UTF-8"?>
<!-- Generated by org.testng.reporters.JUnitXMLReporter -->
<testsuite hostname="osboxes" name="Regression" tests="4" failures="0" timestamp="13 Jun 2015 15:17:45 GMT" time="4.998" errors="0">
  <testcase name="abc" time="0.056" classname="testsuite_homepage.Subsuite_HP_Left"/>
  <testcase name="f" time="0.06" classname="testsuite_homepage.Subsuite_HP_Left"/>
  <testcase name="flaseLoginBadCodeExampleForPOM" time="4.833" classname="testsuite_homepage.Subsuite_HP_Left"/>
  <testcase name="printBeforeMethod" time="0.004" classname="testsuite_homepage.Subsuite_HP_Left"/>
</testsuite> <!-- Regression -->
